EliteGeminiWidget/app/build/intermediates/manifest_merge_blame_file/debug/manifest-merger-blame-debug-report.txt
1<?xml version="1.0" encoding="utf-8"?>
2<manifest xmlns:android="http://schemas.android.com/apk/res/android"
3    package="com.elitesoftware.geminiwidget"
4    android:versionCode="10017"
5    android:versionName="1.0.17" >
6
7    <uses-sdk
8        android:minSdkVersion="24"
9        android:targetSdkVersion="34" />
10
11    <uses-permission android:name="android.permission.INTERNET" />
11-->src\main\AndroidManifest.xml:6:5-67
11-->src\main\AndroidManifest.xml:6:22-64
12    <uses-permission android:name="android.permission.SYSTEM_ALERT_WINDOW" />
12-->src\main\AndroidManifest.xml:7:5-78
12-->src\main\AndroidManifest.xml:7:22-75
13    <uses-permission android:name="android.permission.PACKAGE_USAGE_STATS" />
13-->src\main\AndroidManifest.xml:8:5-114
13-->src\main\AndroidManifest.xml:8:22-75
14    <uses-permission android:name="moe.shizuku.manager.permission.API_V23" />
14-->[dev.rikka.shizuku:provider:13.1.0] AndroidManifest.xml:10:5-78
14-->[dev.rikka.shizuku:provider:13.1.0] AndroidManifest.xml:10:22-75
15    <uses-permission android:name="com.rosan.dhizuku.permission.API" />
15-->[io.github.iamr0s:Dhizuku-API:2.4] AndroidManifest.xml:7:5-72
15-->[io.github.iamr0s:Dhizuku-API:2.4] AndroidManifest.xml:7:22-69
16
17    <queries>
17-->[io.github.iamr0s:Dhizuku-API:2.4] AndroidManifest.xml:9:5-11:15
18        <provider android:authorities="com.rosan.dhizuku.server.provider" />
18-->[io.github.iamr0s:Dhizuku-API:2.4] AndroidManifest.xml:10:9-77
18-->[io.github.iamr0s:Dhizuku-API:2.4] AndroidManifest.xml:10:19-74
19    </queries>
20
21    <permission
21-->[androidx.core:core:1.9.0] AndroidManifest.xml:22:5-24:47
22        android:name="com.elitesoftware.geminiwidget.DYNAMIC_RECEIVER_NOT_EXPORTED_PERMISSION"
22-->[androidx.core:core:1.9.0] AndroidManifest.xml:23:9-81
23        android:protectionLevel="signature" />
23-->[androidx.core:core:1.9.0] AndroidManifest.xml:24:9-44
24
25    <uses-permission android:name="com.elitesoftware.geminiwidget.DYNAMIC_RECEIVER_NOT_EXPORTED_PERMISSION" />
25-->[androidx.core:core:1.9.0] AndroidManifest.xml:26:5-97
25-->[androidx.core:core:1.9.0] AndroidManifest.xml:26:22-94
26
27    <application
27-->src\main\AndroidManifest.xml:10:5-98:19
28        android:allowBackup="true"
28-->src\main\AndroidManifest.xml:11:9-35
29        android:appComponentFactory="androidx.core.app.CoreComponentFactory"
29-->[androidx.core:core:1.9.0] AndroidManifest.xml:28:18-86
30        android:debuggable="true"
31        android:extractNativeLibs="false"
32        android:icon="@mipmap/ic_launcher"
32-->src\main\AndroidManifest.xml:12:9-43
33        android:label="@string/app_name"
33-->src\main\AndroidManifest.xml:13:9-41
34        android:supportsRtl="true"
34-->src\main\AndroidManifest.xml:14:9-35
35        android:theme="@style/Theme.AppCompat.Light.NoActionBar"
35-->src\main\AndroidManifest.xml:15:9-65
36        android:usesCleartextTraffic="true" >
36-->src\main\AndroidManifest.xml:16:9-44
37
38        <!-- Custom Frame Builder -->
39        <activity
39-->src\main\AndroidManifest.xml:19:9-28:20
40            android:name="com.elitesoftware.appmarketplace.CustomFrameActivity"
40-->src\main\AndroidManifest.xml:20:13-48
41            android:exported="true"
41-->src\main\AndroidManifest.xml:23:13-36
42            android:icon="@mipmap/ic_custom_frame"
42-->src\main\AndroidManifest.xml:22:13-51
43            android:label="Custom Frame" >
43-->src\main\AndroidManifest.xml:21:13-41
44            <intent-filter>
44-->src\main\AndroidManifest.xml:24:13-27:29
45                <action android:name="android.intent.action.MAIN" />
45-->src\main\AndroidManifest.xml:25:17-69
45-->src\main\AndroidManifest.xml:25:25-66
46
47                <category android:name="android.intent.category.LAUNCHER" />
47-->src\main\AndroidManifest.xml:26:17-77
47-->src\main\AndroidManifest.xml:26:27-74
48            </intent-filter>
49        </activity>
50
51        <!-- Gemini Window -->
52        <activity
52-->src\main\AndroidManifest.xml:31:9-40:20
53            android:name="com.elitesoftware.appmarketplace.GeminiLauncherActivity"
53-->src\main\AndroidManifest.xml:32:13-51
54            android:exported="true"
54-->src\main\AndroidManifest.xml:35:13-36
55            android:icon="@mipmap/ic_gemini_star"
55-->src\main\AndroidManifest.xml:34:13-50
56            android:label="Elite Gemini" >
56-->src\main\AndroidManifest.xml:33:13-41
57            <intent-filter>
57-->src\main\AndroidManifest.xml:24:13-27:29
58                <action android:name="android.intent.action.MAIN" />
58-->src\main\AndroidManifest.xml:25:17-69
58-->src\main\AndroidManifest.xml:25:25-66
59
60                <category android:name="android.intent.category.LAUNCHER" />
60-->src\main\AndroidManifest.xml:26:17-77
60-->src\main\AndroidManifest.xml:26:27-74
61            </intent-filter>
62        </activity>
63
64        <!-- Settings Window -->
65        <activity
65-->src\main\AndroidManifest.xml:43:9-52:20
66            android:name="com.elitesoftware.appmarketplace.SettingsLauncherActivity"
66-->src\main\AndroidManifest.xml:44:13-53
67            android:exported="true"
67-->src\main\AndroidManifest.xml:47:13-36
68            android:icon="@mipmap/ic_settings"
68-->src\main\AndroidManifest.xml:46:13-47
69            android:label="Elite Settings" >
69-->src\main\AndroidManifest.xml:45:13-43
70            <intent-filter>
70-->src\main\AndroidManifest.xml:24:13-27:29
71                <action android:name="android.intent.action.MAIN" />
71-->src\main\AndroidManifest.xml:25:17-69
71-->src\main\AndroidManifest.xml:25:25-66
72
73                <category android:name="android.intent.category.LAUNCHER" />
73-->src\main\AndroidManifest.xml:26:17-77
73-->src\main\AndroidManifest.xml:26:27-74
74            </intent-filter>
75        </activity>
76
77        <!-- Share Target -->
78        <activity
78-->src\main\AndroidManifest.xml:55:9-64:20
79            android:name="com.elitesoftware.appmarketplace.ShareReceiverActivity"
79-->src\main\AndroidManifest.xml:56:13-50
80            android:exported="true"
80-->src\main\AndroidManifest.xml:58:13-36
81            android:label="Open in Elite Frame" >
81-->src\main\AndroidManifest.xml:57:13-48
82            <intent-filter>
82-->src\main\AndroidManifest.xml:59:13-63:29
83                <action android:name="android.intent.action.SEND" />
83-->src\main\AndroidManifest.xml:60:17-69
83-->src\main\AndroidManifest.xml:60:25-66
84
85                <category android:name="android.intent.category.DEFAULT" />
85-->src\main\AndroidManifest.xml:61:17-76
85-->src\main\AndroidManifest.xml:61:27-73
86
87                <data android:mimeType="text/plain" />
87-->src\main\AndroidManifest.xml:62:17-55
87-->src\main\AndroidManifest.xml:62:23-52
88            </intent-filter>
89        </activity>
90
91        <!-- Test App Launcher -->
92        <activity
92-->src\main\AndroidManifest.xml:67:9-76:20
93            android:name="com.elitesoftware.appmarketplace.TestAppLauncherActivity"
93-->src\main\AndroidManifest.xml:68:13-52
94            android:exported="true"
94-->src\main\AndroidManifest.xml:71:13-36
95            android:icon="@mipmap/ic_launcher"
95-->src\main\AndroidManifest.xml:70:13-47
96            android:label="Elite Test App" >
96-->src\main\AndroidManifest.xml:69:13-43
97            <intent-filter>
97-->src\main\AndroidManifest.xml:24:13-27:29
98                <action android:name="android.intent.action.MAIN" />
98-->src\main\AndroidManifest.xml:25:17-69
98-->src\main\AndroidManifest.xml:25:25-66
99
100                <category android:name="android.intent.category.LAUNCHER" />
100-->src\main\AndroidManifest.xml:26:17-77
100-->src\main\AndroidManifest.xml:26:27-74
101            </intent-filter>
102        </activity>
103
104        <!-- Test App Activity -->
105        <activity
105-->src\main\AndroidManifest.xml:79:9-82:39
106            android:name="com.elitesoftware.appmarketplace.TestAppActivity"
106-->src\main\AndroidManifest.xml:80:13-44
107            android:exported="true"
107-->src\main\AndroidManifest.xml:82:13-36
108            android:label="Test App" />
108-->src\main\AndroidManifest.xml:81:13-37
109
110        <!-- Custom Package Launcher -->
111        <activity
111-->src\main\AndroidManifest.xml:85:9-95:20
112            android:name="com.elitesoftware.appmarketplace.PackageLauncherActivity"
112-->src\main\AndroidManifest.xml:86:13-52
113            android:exported="true"
113-->src\main\AndroidManifest.xml:90:13-36
114            android:icon="@mipmap/ic_launcher"
114-->src\main\AndroidManifest.xml:88:13-47
115            android:label="Launch Any App"
115-->src\main\AndroidManifest.xml:87:13-43
116            android:theme="@style/Theme.AppCompat.Light.Dialog" >
116-->src\main\AndroidManifest.xml:89:13-64
117            <intent-filter>
117-->src\main\AndroidManifest.xml:24:13-27:29
118                <action android:name="android.intent.action.MAIN" />
118-->src\main\AndroidManifest.xml:25:17-69
118-->src\main\AndroidManifest.xml:25:25-66
119
120                <category android:name="android.intent.category.LAUNCHER" />
120-->src\main\AndroidManifest.xml:26:17-77
120-->src\main\AndroidManifest.xml:26:27-74
121            </intent-filter>
122        </activity>
123
124        <service
124-->src\main\AndroidManifest.xml:97:9-106
125            android:name="com.elitesoftware.appmarketplace.FloatingWidgetService"
125-->src\main\AndroidManifest.xml:97:18-55
126            android:enabled="true"
126-->src\main\AndroidManifest.xml:97:56-78
127            android:exported="false" />
127-->src\main\AndroidManifest.xml:97:79-103
128
129        <meta-data
129-->[dev.rikka.shizuku:provider:13.1.0] AndroidManifest.xml:13:9-15:36
130            android:name="moe.shizuku.client.V3_SUPPORT"
130-->[dev.rikka.shizuku:provider:13.1.0] AndroidManifest.xml:14:13-57
131            android:value="true" />
131-->[dev.rikka.shizuku:provider:13.1.0] AndroidManifest.xml:15:13-33
132
133        <provider
133-->[androidx.emoji2:emoji2:1.2.0] AndroidManifest.xml:24:9-32:20
134            android:name="androidx.startup.InitializationProvider"
134-->[androidx.emoji2:emoji2:1.2.0] AndroidManifest.xml:25:13-67
135            android:authorities="com.elitesoftware.geminiwidget.androidx-startup"
135-->[androidx.emoji2:emoji2:1.2.0] AndroidManifest.xml:26:13-68
136            android:exported="false" >
136-->[androidx.emoji2:emoji2:1.2.0] AndroidManifest.xml:27:13-37
137            <meta-data
137-->[androidx.emoji2:emoji2:1.2.0] AndroidManifest.xml:29:13-31:52
138                android:name="androidx.emoji2.text.EmojiCompatInitializer"
138-->[androidx.emoji2:emoji2:1.2.0] AndroidManifest.xml:30:17-75
139                android:value="androidx.startup" />
139-->[androidx.emoji2:emoji2:1.2.0] AndroidManifest.xml:31:17-49
140            <meta-data
140-->[androidx.lifecycle:lifecycle-process:2.4.1] AndroidManifest.xml:31:13-33:52
141                android:name="androidx.lifecycle.ProcessLifecycleInitializer"
141-->[androidx.lifecycle:lifecycle-process:2.4.1] AndroidManifest.xml:32:17-78
142                android:value="androidx.startup" />
142-->[androidx.lifecycle:lifecycle-process:2.4.1] AndroidManifest.xml:33:17-49
143        </provider>
144    </application>
145
146</manifest>